Started GET "/" for 127.0.0.1 at 2018-01-04 15:39:24 -0200
Processing by Rails::WelcomeController#index as HTML
  Rendering C:/RailsInstaller/Ruby2.3.3/lib/ruby/gems/2.3.0/gems/railties-5.1.4/lib/rails/templates/rails/welcome/index.html.erb
  Rendered C:/RailsInstaller/Ruby2.3.3/lib/ruby/gems/2.3.0/gems/railties-5.1.4/lib/rails/templates/rails/welcome/index.html.erb (26.1ms)
Completed 200 OK in 2005ms (Views: 163.3ms)


Started GET "/" for 127.0.0.1 at 2018-01-04 15:42:37 -0200
Processing by WelcomeController#index as HTML
  Rendering welcome/index.html.erb within layouts/application
  Rendered welcome/index.html.erb within layouts/application (2.0ms)
Completed 200 OK in 12069ms (Views: 11729.8ms)


Started GET "/" for 127.0.0.1 at 2018-01-04 15:48:44 -0200
Processing by WelcomeController#index as HTML
  Rendering welcome/index.html.erb within layouts/application
  Rendered welcome/index.html.erb within layouts/application (2.5ms)
Completed 200 OK in 1947ms (Views: 1425.9ms)


Started GET "/articles" for 127.0.0.1 at 2018-01-04 15:49:06 -0200
  
AbstractController::ActionNotFound (The action 'index' could not be found for ArticlesController):
  
actionpack (5.1.4) lib/abstract_controller/base.rb:119:in `process'
actionview (5.1.4) lib/action_view/rendering.rb:30:in `process'
actionpack (5.1.4) lib/action_controller/metal.rb:189:in `dispatch'
actionpack (5.1.4) lib/action_controller/metal.rb:253:in `dispatch'
actionpack (5.1.4) lib/action_dispatch/routing/route_set.rb:49:in `dispatch'
actionpack (5.1.4) lib/action_dispatch/routing/route_set.rb:31:in `serve'
actionpack (5.1.4) lib/action_dispatch/journey/router.rb:50:in `block in serve'
actionpack (5.1.4) lib/action_dispatch/journey/router.rb:33:in `each'
actionpack (5.1.4) lib/action_dispatch/journey/router.rb:33:in `serve'
actionpack (5.1.4) lib/action_dispatch/routing/route_set.rb:834:in `call'
rack (2.0.3) lib/rack/etag.rb:25:in `call'
rack (2.0.3) lib/rack/conditional_get.rb:25:in `call'
rack (2.0.3) lib/rack/head.rb:12:in `call'
rack (2.0.3) lib/rack/session/abstract/id.rb:232:in `context'
rack (2.0.3) lib/rack/session/abstract/id.rb:226:in `call'
actionpack (5.1.4) lib/action_dispatch/middleware/cookies.rb:613:in `call'
activerecord (5.1.4) lib/active_record/migration.rb:556:in `call'
actionpack (5.1.4) lib/action_dispatch/middleware/callbacks.rb:26:in `block in call'
activesupport (5.1.4) lib/active_support/callbacks.rb:97:in `run_callbacks'
actionpack (5.1.4) lib/action_dispatch/middleware/callbacks.rb:24:in `call'
actionpack (5.1.4) lib/action_dispatch/middleware/executor.rb:12:in `call'
actionpack (5.1.4) lib/action_dispatch/middleware/debug_exceptions.rb:59:in `call'
web-console (3.5.1) lib/web_console/middleware.rb:135:in `call_app'
web-console (3.5.1) lib/web_console/middleware.rb:28:in `block in call'
web-console (3.5.1) lib/web_console/middleware.rb:18:in `catch'
web-console (3.5.1) lib/web_console/middleware.rb:18:in `call'
actionpack (5.1.4) lib/action_dispatch/middleware/show_exceptions.rb:31:in `call'
railties (5.1.4) lib/rails/rack/logger.rb:36:in `call_app'
railties (5.1.4) lib/rails/rack/logger.rb:24:in `block in call'
activesupport (5.1.4) lib/active_support/tagged_logging.rb:69:in `block in tagged'
activesupport (5.1.4) lib/active_support/tagged_logging.rb:26:in `tagged'
activesupport (5.1.4) lib/active_support/tagged_logging.rb:69:in `tagged'
railties (5.1.4) lib/rails/rack/logger.rb:24:in `call'
sprockets-rails (3.2.1) lib/sprockets/rails/quiet_assets.rb:13:in `call'
actionpack (5.1.4) lib/action_dispatch/middleware/remote_ip.rb:79:in `call'
actionpack (5.1.4) lib/action_dispatch/middleware/request_id.rb:25:in `call'
rack (2.0.3) lib/rack/method_override.rb:22:in `call'
rack (2.0.3) lib/rack/runtime.rb:22:in `call'
activesupport (5.1.4) lib/active_support/cache/strategy/local_cache_middleware.rb:27:in `call'
actionpack (5.1.4) lib/action_dispatch/middleware/executor.rb:12:in `call'
actionpack (5.1.4) lib/action_dispatch/middleware/static.rb:125:in `call'
rack (2.0.3) lib/rack/sendfile.rb:111:in `call'
railties (5.1.4) lib/rails/engine.rb:522:in `call'
puma (3.11.0) lib/puma/configuration.rb:225:in `call'
puma (3.11.0) lib/puma/server.rb:624:in `handle_request'
puma (3.11.0) lib/puma/server.rb:438:in `process_client'
puma (3.11.0) lib/puma/server.rb:302:in `block in run'
puma (3.11.0) lib/puma/thread_pool.rb:120:in `block in spawn_thread'
Started GET "/articles/new" for 127.0.0.1 at 2018-01-04 15:49:14 -0200
Processing by ArticlesController#new as HTML
  Rendering articles/new.html.erb within layouts/application
  Rendered articles/new.html.erb within layouts/application (0.5ms)
Completed 200 OK in 177ms (Views: 159.8ms)


Started GET "/articles/new" for 127.0.0.1 at 2018-01-04 15:53:09 -0200
Processing by ArticlesController#new as HTML
  Rendering articles/new.html.erb within layouts/application
  Rendered articles/new.html.erb within layouts/application (979.6ms)
Completed 200 OK in 1426ms (Views: 1410.1ms)


Started GET "/articles/new" for 127.0.0.1 at 2018-01-04 15:53:41 -0200
Processing by ArticlesController#new as HTML
  Rendering articles/new.html.erb within layouts/application
  Rendered articles/new.html.erb within layouts/application (4.5ms)
Completed 200 OK in 269ms (Views: 236.8ms)


Started POST "/articles/new" for 127.0.0.1 at 2018-01-04 15:56:08 -0200
  
ActionController::RoutingError (No route matches [POST] "/articles/new"):
  
actionpack (5.1.4) lib/action_dispatch/middleware/debug_exceptions.rb:63:in `call'
web-console (3.5.1) lib/web_console/middleware.rb:135:in `call_app'
web-console (3.5.1) lib/web_console/middleware.rb:28:in `block in call'
web-console (3.5.1) lib/web_console/middleware.rb:18:in `catch'
web-console (3.5.1) lib/web_console/middleware.rb:18:in `call'
actionpack (5.1.4) lib/action_dispatch/middleware/show_exceptions.rb:31:in `call'
railties (5.1.4) lib/rails/rack/logger.rb:36:in `call_app'
railties (5.1.4) lib/rails/rack/logger.rb:24:in `block in call'
activesupport (5.1.4) lib/active_support/tagged_logging.rb:69:in `block in tagged'
activesupport (5.1.4) lib/active_support/tagged_logging.rb:26:in `tagged'
activesupport (5.1.4) lib/active_support/tagged_logging.rb:69:in `tagged'
railties (5.1.4) lib/rails/rack/logger.rb:24:in `call'
sprockets-rails (3.2.1) lib/sprockets/rails/quiet_assets.rb:13:in `call'
actionpack (5.1.4) lib/action_dispatch/middleware/remote_ip.rb:79:in `call'
actionpack (5.1.4) lib/action_dispatch/middleware/request_id.rb:25:in `call'
rack (2.0.3) lib/rack/method_override.rb:22:in `call'
rack (2.0.3) lib/rack/runtime.rb:22:in `call'
activesupport (5.1.4) lib/active_support/cache/strategy/local_cache_middleware.rb:27:in `call'
actionpack (5.1.4) lib/action_dispatch/middleware/executor.rb:12:in `call'
actionpack (5.1.4) lib/action_dispatch/middleware/static.rb:125:in `call'
rack (2.0.3) lib/rack/sendfile.rb:111:in `call'
railties (5.1.4) lib/rails/engine.rb:522:in `call'
puma (3.11.0) lib/puma/configuration.rb:225:in `call'
puma (3.11.0) lib/puma/server.rb:624:in `handle_request'
puma (3.11.0) lib/puma/server.rb:438:in `process_client'
puma (3.11.0) lib/puma/server.rb:302:in `block in run'
puma (3.11.0) lib/puma/thread_pool.rb:120:in `block in spawn_thread'
Started POST "/articles/new" for 127.0.0.1 at 2018-01-04 16:10:57 -0200
  
ActionController::RoutingError (No route matches [POST] "/articles/new"):
  
actionpack (5.1.4) lib/action_dispatch/middleware/debug_exceptions.rb:63:in `call'
web-console (3.5.1) lib/web_console/middleware.rb:135:in `call_app'
web-console (3.5.1) lib/web_console/middleware.rb:28:in `block in call'
web-console (3.5.1) lib/web_console/middleware.rb:18:in `catch'
web-console (3.5.1) lib/web_console/middleware.rb:18:in `call'
actionpack (5.1.4) lib/action_dispatch/middleware/show_exceptions.rb:31:in `call'
railties (5.1.4) lib/rails/rack/logger.rb:36:in `call_app'
railties (5.1.4) lib/rails/rack/logger.rb:24:in `block in call'
activesupport (5.1.4) lib/active_support/tagged_logging.rb:69:in `block in tagged'
activesupport (5.1.4) lib/active_support/tagged_logging.rb:26:in `tagged'
activesupport (5.1.4) lib/active_support/tagged_logging.rb:69:in `tagged'
railties (5.1.4) lib/rails/rack/logger.rb:24:in `call'
sprockets-rails (3.2.1) lib/sprockets/rails/quiet_assets.rb:13:in `call'
actionpack (5.1.4) lib/action_dispatch/middleware/remote_ip.rb:79:in `call'
actionpack (5.1.4) lib/action_dispatch/middleware/request_id.rb:25:in `call'
rack (2.0.3) lib/rack/method_override.rb:22:in `call'
rack (2.0.3) lib/rack/runtime.rb:22:in `call'
activesupport (5.1.4) lib/active_support/cache/strategy/local_cache_middleware.rb:27:in `call'
actionpack (5.1.4) lib/action_dispatch/middleware/executor.rb:12:in `call'
actionpack (5.1.4) lib/action_dispatch/middleware/static.rb:125:in `call'
rack (2.0.3) lib/rack/sendfile.rb:111:in `call'
railties (5.1.4) lib/rails/engine.rb:522:in `call'
puma (3.11.0) lib/puma/configuration.rb:225:in `call'
puma (3.11.0) lib/puma/server.rb:624:in `handle_request'
puma (3.11.0) lib/puma/server.rb:438:in `process_client'
puma (3.11.0) lib/puma/server.rb:302:in `block in run'
puma (3.11.0) lib/puma/thread_pool.rb:120:in `block in spawn_thread'
Started POST "/articles/new" for 127.0.0.1 at 2018-01-04 16:11:06 -0200
  
ActionController::RoutingError (No route matches [POST] "/articles/new"):
  
actionpack (5.1.4) lib/action_dispatch/middleware/debug_exceptions.rb:63:in `call'
web-console (3.5.1) lib/web_console/middleware.rb:135:in `call_app'
web-console (3.5.1) lib/web_console/middleware.rb:28:in `block in call'
web-console (3.5.1) lib/web_console/middleware.rb:18:in `catch'
web-console (3.5.1) lib/web_console/middleware.rb:18:in `call'
actionpack (5.1.4) lib/action_dispatch/middleware/show_exceptions.rb:31:in `call'
railties (5.1.4) lib/rails/rack/logger.rb:36:in `call_app'
railties (5.1.4) lib/rails/rack/logger.rb:24:in `block in call'
activesupport (5.1.4) lib/active_support/tagged_logging.rb:69:in `block in tagged'
activesupport (5.1.4) lib/active_support/tagged_logging.rb:26:in `tagged'
activesupport (5.1.4) lib/active_support/tagged_logging.rb:69:in `tagged'
railties (5.1.4) lib/rails/rack/logger.rb:24:in `call'
sprockets-rails (3.2.1) lib/sprockets/rails/quiet_assets.rb:13:in `call'
actionpack (5.1.4) lib/action_dispatch/middleware/remote_ip.rb:79:in `call'
actionpack (5.1.4) lib/action_dispatch/middleware/request_id.rb:25:in `call'
rack (2.0.3) lib/rack/method_override.rb:22:in `call'
rack (2.0.3) lib/rack/runtime.rb:22:in `call'
activesupport (5.1.4) lib/active_support/cache/strategy/local_cache_middleware.rb:27:in `call'
actionpack (5.1.4) lib/action_dispatch/middleware/executor.rb:12:in `call'
actionpack (5.1.4) lib/action_dispatch/middleware/static.rb:125:in `call'
rack (2.0.3) lib/rack/sendfile.rb:111:in `call'
railties (5.1.4) lib/rails/engine.rb:522:in `call'
puma (3.11.0) lib/puma/configuration.rb:225:in `call'
puma (3.11.0) lib/puma/server.rb:624:in `handle_request'
puma (3.11.0) lib/puma/server.rb:438:in `process_client'
puma (3.11.0) lib/puma/server.rb:302:in `block in run'
puma (3.11.0) lib/puma/thread_pool.rb:120:in `block in spawn_thread'
Started GET "/articles/new" for 127.0.0.1 at 2018-01-04 16:12:12 -0200
Processing by ArticlesController#new as HTML
  Rendering articles/new.html.erb within layouts/application
  Rendered articles/new.html.erb within layouts/application (250.0ms)
Completed 200 OK in 3745ms (Views: 1664.0ms)


Started POST "/articles" for 127.0.0.1 at 2018-01-04 16:12:38 -0200
Processing by ArticlesController#create as HTML
  Parameters: {"utf8"=>"✓", "authenticity_token"=>"s7IV7VixVNCSGffOP1en4e3/hoh1/pODFZ94v7xUxFr7SUBh4mtQOGGPk+VMkNIYa6EiFCIPXJQDOizR2s7ZYg==", "article"=>{"title"=>"titulo", "text"=>"texto"}, "commit"=>"Save Article"}
  Rendering text template
  Rendered text template (0.0ms)
Completed 200 OK in 16ms (Views: 14.3ms)


  [1m[35m (0.0ms)[0m  [1m[34mSELECT sqlite_version(*)[0m
  [1m[35m (208.6ms)[0m  [1m[35mCREATE TABLE "schema_migrations" ("version" varchar NOT NULL PRIMARY KEY)[0m
  [1m[35m (292.8ms)[0m  [1m[35mCREATE TABLE "ar_internal_metadata" ("key" varchar NOT NULL PRIMARY KEY, "value" varchar, "created_at" datetime NOT NULL, "updated_at" datetime NOT NULL)[0m
  [1m[35m (0.5ms)[0m  [1m[34mSELECT "schema_migrations"."version" FROM "schema_migrations" ORDER BY "schema_migrations"."version" ASC[0m
Migrating to CreateArticles (20180104181318)
  [1m[35m (0.0ms)[0m  [1m[36mbegin transaction[0m
  [1m[35m (2.0ms)[0m  [1m[35mCREATE TABLE "articles" ("id" INTEGER PRIMARY KEY AUTOINCREMENT NOT NULL, "title" varchar, "text" varchar, "created_at" datetime NOT NULL, "updated_at" datetime NOT NULL)[0m
  [1m[35mSQL (0.0ms)[0m  [1m[32mINSERT INTO "schema_migrations" ("version") VALUES (?)[0m  [["version", "20180104181318"]]
  [1m[35m (106.3ms)[0m  [1m[36mcommit transaction[0m
  [1m[36mActiveRecord::InternalMetadata Load (0.5ms)[0m  [1m[34mSELECT  "ar_internal_metadata".* FROM "ar_internal_metadata" WHERE "ar_internal_metadata"."key" = ? LIMIT ?[0m  [["key", "environment"], ["LIMIT", 1]]
  [1m[35m (0.0ms)[0m  [1m[36mbegin transaction[0m
  [1m[35mSQL (1.5ms)[0m  [1m[32mINSERT INTO "ar_internal_metadata" ("key", "value", "created_at", "updated_at") VALUES (?, ?, ?, ?)[0m  [["key", "environment"], ["value", "development"], ["created_at", "2018-01-04 18:14:56.306196"], ["updated_at", "2018-01-04 18:14:56.306196"]]
  [1m[35m (238.7ms)[0m  [1m[36mcommit transaction[0m
  [1m[35m (0.5ms)[0m  [1m[34mSELECT "schema_migrations"."version" FROM "schema_migrations" ORDER BY "schema_migrations"."version" ASC[0m
Started GET "/articles/new" for 127.0.0.1 at 2018-01-04 16:22:00 -0200
  [1m[35m (0.5ms)[0m  [1m[34mSELECT "schema_migrations"."version" FROM "schema_migrations" ORDER BY "schema_migrations"."version" ASC[0m
Processing by ArticlesController#new as HTML
  Rendering articles/new.html.erb within layouts/application
  Rendered articles/new.html.erb within layouts/application (32.1ms)
Completed 200 OK in 694ms (Views: 666.1ms | ActiveRecord: 0.0ms)


Started POST "/articles" for 127.0.0.1 at 2018-01-04 16:22:24 -0200
Processing by ArticlesController#create as HTML
  Parameters: {"utf8"=>"✓", "authenticity_token"=>"sH4iqQ6+w/yTWSgGI0hrRKkF4Ye1XNWFaJEkdJwNug/4hXcltGTHFGDPTC1Qjx69L1tFG+KtGpJ+NHAa+penNw==", "article"=>{"title"=>"titulo", "text"=>"texto"}, "commit"=>"Save Article"}
  [1m[35m (0.0ms)[0m  [1m[36mbegin transaction[0m
  [1m[35mSQL (3.0ms)[0m  [1m[32mINSERT INTO "articles" ("title", "text", "created_at", "updated_at") VALUES (?, ?, ?, ?)[0m  [["title", "titulo"], ["text", "texto"], ["created_at", "2018-01-04 18:22:25.018918"], ["updated_at", "2018-01-04 18:22:25.018918"]]
  [1m[35m (154.9ms)[0m  [1m[36mcommit transaction[0m
Redirected to http://localhost:3000/articles/1
Completed 302 Found in 234ms (ActiveRecord: 161.4ms)


Started GET "/articles/1" for 127.0.0.1 at 2018-01-04 16:22:25 -0200
Processing by ArticlesController#show as HTML
  Parameters: {"id"=>"1"}
  [1m[36mArticle Load (0.0ms)[0m  [1m[34mSELECT  "articles".* FROM "articles" WHERE "articles"."id" = ? LIMIT ?[0m  [["id", 1], ["LIMIT", 1]]
  Rendering articles/show.html.erb within layouts/application
  Rendered articles/show.html.erb within layouts/application (0.5ms)
Completed 200 OK in 227ms (Views: 148.1ms | ActiveRecord: 0.0ms)


Started GET "/articles/1" for 127.0.0.1 at 2018-01-04 16:22:42 -0200
Processing by ArticlesController#show as HTML
  Parameters: {"id"=>"1"}
  [1m[36mArticle Load (0.5ms)[0m  [1m[34mSELECT  "articles".* FROM "articles" WHERE "articles"."id" = ? LIMIT ?[0m  [["id", 1], ["LIMIT", 1]]
  Rendering articles/show.html.erb within layouts/application
  Rendered articles/show.html.erb within layouts/application (1.5ms)
Completed 200 OK in 230ms (Views: 204.1ms | ActiveRecord: 0.5ms)


Started GET "/articles" for 127.0.0.1 at 2018-01-04 16:25:30 -0200
Processing by ArticlesController#index as HTML
  Rendering articles/index.html.erb within layouts/application
  [1m[36mArticle Load (0.5ms)[0m  [1m[34mSELECT "articles".* FROM "articles"[0m
  Rendered articles/index.html.erb within layouts/application (14.5ms)
Completed 200 OK in 170ms (Views: 149.4ms | ActiveRecord: 3.5ms)


Started GET "/articles/1" for 127.0.0.1 at 2018-01-04 16:25:37 -0200
Processing by ArticlesController#show as HTML
  Parameters: {"id"=>"1"}
  [1m[36mArticle Load (4.5ms)[0m  [1m[34mSELECT  "articles".* FROM "articles" WHERE "articles"."id" = ? LIMIT ?[0m  [["id", 1], ["LIMIT", 1]]
  Rendering articles/show.html.erb within layouts/application
  Rendered articles/show.html.erb within layouts/application (2.0ms)
Completed 200 OK in 233ms (Views: 191.3ms | ActiveRecord: 4.5ms)


Started GET "/articles" for 127.0.0.1 at 2018-01-04 16:28:42 -0200
Processing by ArticlesController#index as HTML
  Rendering articles/index.html.erb within layouts/application
  [1m[36mArticle Load (0.5ms)[0m  [1m[34mSELECT "articles".* FROM "articles"[0m
  Rendered articles/index.html.erb within layouts/application (5.0ms)
Completed 200 OK in 131ms (Views: 115.2ms | ActiveRecord: 0.5ms)


Started GET "/articles/new" for 127.0.0.1 at 2018-01-04 16:28:44 -0200
Processing by ArticlesController#new as HTML
  Rendering articles/new.html.erb within layouts/application
  Rendered articles/new.html.erb within layouts/application (5.0ms)
Completed 200 OK in 231ms (Views: 201.1ms | ActiveRecord: 0.0ms)


Started GET "/articles" for 127.0.0.1 at 2018-01-04 16:28:46 -0200
Processing by ArticlesController#index as HTML
  Rendering articles/index.html.erb within layouts/application
  [1m[36mArticle Load (0.0ms)[0m  [1m[34mSELECT "articles".* FROM "articles"[0m
  Rendered articles/index.html.erb within layouts/application (4.0ms)
Completed 200 OK in 155ms (Views: 131.7ms | ActiveRecord: 0.0ms)


Started GET "/articles/new" for 127.0.0.1 at 2018-01-04 16:28:47 -0200
Processing by ArticlesController#new as HTML
  Rendering articles/new.html.erb within layouts/application
  Rendered articles/new.html.erb within layouts/application (3.0ms)
Completed 200 OK in 259ms (Views: 232.7ms | ActiveRecord: 0.0ms)


Started POST "/articles" for 127.0.0.1 at 2018-01-04 16:28:55 -0200
Processing by ArticlesController#create as HTML
  Parameters: {"utf8"=>"✓", "authenticity_token"=>"WHxvObf2Sg5jwPF0xCyB2+72PPdzO5Wwt68/+D8Sdiuh/uzQnk4m6MOnipzo/uKujgLI5hAYjGq9aiIRnXjjFA==", "article"=>{"title"=>"titulo 2", "text"=>"texto 2\r\n"}, "commit"=>"Save Article"}
  [1m[35m (0.0ms)[0m  [1m[36mbegin transaction[0m
  [1m[35mSQL (45.6ms)[0m  [1m[32mINSERT INTO "articles" ("title", "text", "created_at", "updated_at") VALUES (?, ?, ?, ?)[0m  [["title", "titulo 2"], ["text", "texto 2\r\n"], ["created_at", "2018-01-04 18:28:55.284059"], ["updated_at", "2018-01-04 18:28:55.284059"]]
  [1m[35m (219.9ms)[0m  [1m[36mcommit transaction[0m
Redirected to http://localhost:3000/articles/2
Completed 302 Found in 279ms (ActiveRecord: 265.5ms)


Started GET "/articles/2" for 127.0.0.1 at 2018-01-04 16:28:55 -0200
Processing by ArticlesController#show as HTML
  Parameters: {"id"=>"2"}
  [1m[36mArticle Load (1.0ms)[0m  [1m[34mSELECT  "articles".* FROM "articles" WHERE "articles"."id" = ? LIMIT ?[0m  [["id", 2], ["LIMIT", 1]]
  Rendering articles/show.html.erb within layouts/application
  Rendered articles/show.html.erb within layouts/application (2.5ms)
Completed 200 OK in 173ms (Views: 144.7ms | ActiveRecord: 1.0ms)


Started GET "/articles" for 127.0.0.1 at 2018-01-04 16:28:57 -0200
Processing by ArticlesController#index as HTML
  Rendering articles/index.html.erb within layouts/application
  [1m[36mArticle Load (0.5ms)[0m  [1m[34mSELECT "articles".* FROM "articles"[0m
  Rendered articles/index.html.erb within layouts/application (3.5ms)
Completed 200 OK in 147ms (Views: 126.3ms | ActiveRecord: 0.5ms)


Started GET "/articles/new" for 127.0.0.1 at 2018-01-04 16:40:32 -0200
Processing by ArticlesController#new as HTML
  Rendering articles/new.html.erb within layouts/application
  Rendered articles/new.html.erb within layouts/application (2.5ms)
Completed 200 OK in 153ms (Views: 134.3ms)


Started POST "/articles" for 127.0.0.1 at 2018-01-04 16:40:43 -0200
Processing by ArticlesController#create as HTML
  Parameters: {"utf8"=>"✓", "authenticity_token"=>"3x0YGDU2Jz59nqSSwB2F3huKBsTklhikR4fXZ8IWtJQmn5vxHI5L2N3533rsz+are37y1Ye1AX5NQsqOYHwhqw==", "article"=>{"title"=>"tit", "text"=>"texty"}, "commit"=>"Save Article"}
  [1m[35m (0.0ms)[0m  [1m[36mbegin transaction[0m
  [1m[35m (0.5ms)[0m  [1m[31mrollback transaction[0m
  Rendering articles/new.html.erb within layouts/application
  Rendered articles/new.html.erb within layouts/application (3.0ms)
Completed 200 OK in 159ms (Views: 132.8ms | ActiveRecord: 4.5ms)


Started POST "/articles" for 127.0.0.1 at 2018-01-04 16:40:48 -0200
Processing by ArticlesController#create as HTML
  Parameters: {"utf8"=>"✓", "authenticity_token"=>"MTN2BNLaiLLdCT9PUCnfXhV2Z0T6cHKo8GsVIk1iXn95yCOIaACMWi6fW2Qj7qqnkyjD2K2Bvb/mzkFMK/hDRw==", "article"=>{"title"=>"tit", "text"=>"texty"}, "commit"=>"Save Article"}
  [1m[35m (0.0ms)[0m  [1m[36mbegin transaction[0m
  [1m[35m (0.0ms)[0m  [1m[31mrollback transaction[0m
  Rendering articles/new.html.erb within layouts/application
  Rendered articles/new.html.erb within layouts/application (3.0ms)
Completed 200 OK in 128ms (Views: 119.7ms | ActiveRecord: 0.0ms)


Started POST "/articles" for 127.0.0.1 at 2018-01-04 16:41:10 -0200
Processing by ArticlesController#create as HTML
  Parameters: {"utf8"=>"✓", "authenticity_token"=>"WQrqFq1s1AZp2xbhcFnbHaXUKBObGGQKTtBm2fH/xbMR8b+aF7bQ7ppNcsoDnq7kI4qMj8zpqx1YdTK3l2XYiw==", "article"=>{"title"=>"", "text"=>"texty"}, "commit"=>"Save Article"}
  [1m[35m (0.0ms)[0m  [1m[36mbegin transaction[0m
  [1m[35m (0.0ms)[0m  [1m[31mrollback transaction[0m
  Rendering articles/new.html.erb within layouts/application
  Rendered articles/new.html.erb within layouts/application (5.0ms)
Completed 200 OK in 136ms (Views: 129.0ms | ActiveRecord: 0.0ms)


Started GET "/articles" for 127.0.0.1 at 2018-01-04 20:01:25 -0200
  [1m[35m (0.0ms)[0m  [1m[34mSELECT "schema_migrations"."version" FROM "schema_migrations" ORDER BY "schema_migrations"."version" ASC[0m
Processing by ArticlesController#index as HTML
  Rendering articles/index.html.erb within layouts/application
  [1m[36mArticle Load (0.5ms)[0m  [1m[34mSELECT "articles".* FROM "articles"[0m
  Rendered articles/index.html.erb within layouts/application (81.2ms)
Completed 200 OK in 2808ms (Views: 2751.6ms | ActiveRecord: 2.5ms)


Started GET "/articles/1/edit" for 127.0.0.1 at 2018-01-04 20:01:54 -0200
Processing by ArticlesController#edit as HTML
  Parameters: {"id"=>"1"}
  [1m[36mArticle Load (0.5ms)[0m  [1m[34mSELECT  "articles".* FROM "articles" WHERE "articles"."id" = ? LIMIT ?[0m  [["id", 1], ["LIMIT", 1]]
  Rendering articles/edit.html.erb within layouts/application
  Rendered articles/edit.html.erb within layouts/application (358.1ms)
Completed 200 OK in 666ms (Views: 488.6ms | ActiveRecord: 0.5ms)


Started PATCH "/articles/1" for 127.0.0.1 at 2018-01-04 20:02:01 -0200
Processing by ArticlesController#update as JS
  Parameters: {"utf8"=>"✓", "authenticity_token"=>"vjAQ4sQas2LrDRHfUw8y+keXpGHrAgJo+NuzKHPxVEe1dSB3Ty4EjZfu/mjxFJGi7OWIx+QYkYqUlHNofwUXZA==", "article"=>{"title"=>"titulo um", "text"=>"texto"}, "commit"=>"Update Article", "id"=>"1"}
  [1m[36mArticle Load (0.5ms)[0m  [1m[34mSELECT  "articles".* FROM "articles" WHERE "articles"."id" = ? LIMIT ?[0m  [["id", 1], ["LIMIT", 1]]
  [1m[35m (0.0ms)[0m  [1m[36mbegin transaction[0m
  [1m[35mSQL (15.5ms)[0m  [1m[33mUPDATE "articles" SET "title" = ?, "updated_at" = ? WHERE "articles"."id" = ?[0m  [["title", "titulo um"], ["updated_at", "2018-01-04 22:02:01.574539"], ["id", 1]]
  [1m[35m (158.4ms)[0m  [1m[36mcommit transaction[0m
Redirected to http://localhost:3000/articles/1
Completed 200 OK in 220ms (ActiveRecord: 174.5ms)


Started GET "/articles/1" for 127.0.0.1 at 2018-01-04 20:02:01 -0200
Processing by ArticlesController#show as HTML
  Parameters: {"id"=>"1"}
  [1m[36mArticle Load (0.5ms)[0m  [1m[34mSELECT  "articles".* FROM "articles" WHERE "articles"."id" = ? LIMIT ?[0m  [["id", 1], ["LIMIT", 1]]
  Rendering articles/show.html.erb within layouts/application
  Rendered articles/show.html.erb within layouts/application (1.0ms)
Completed 200 OK in 170ms (Views: 142.7ms | ActiveRecord: 0.5ms)


Started GET "/articles" for 127.0.0.1 at 2018-01-04 20:02:03 -0200
Processing by ArticlesController#index as HTML
  Rendering articles/index.html.erb within layouts/application
  [1m[36mArticle Load (2.5ms)[0m  [1m[34mSELECT "articles".* FROM "articles"[0m
  Rendered articles/index.html.erb within layouts/application (7.0ms)
Completed 200 OK in 238ms (Views: 209.5ms | ActiveRecord: 2.5ms)


Started GET "/articles/2" for 127.0.0.1 at 2018-01-04 20:02:05 -0200
Processing by ArticlesController#show as HTML
  Parameters: {"id"=>"2"}
  [1m[36mArticle Load (0.5ms)[0m  [1m[34mSELECT  "articles".* FROM "articles" WHERE "articles"."id" = ? LIMIT ?[0m  [["id", 2], ["LIMIT", 1]]
  Rendering articles/show.html.erb within layouts/application
  Rendered articles/show.html.erb within layouts/application (2.5ms)
Completed 200 OK in 167ms (Views: 140.5ms | ActiveRecord: 0.5ms)


Started GET "/articles/2/edit" for 127.0.0.1 at 2018-01-04 20:02:06 -0200
Processing by ArticlesController#edit as HTML
  Parameters: {"id"=>"2"}
  [1m[36mArticle Load (1.0ms)[0m  [1m[34mSELECT  "articles".* FROM "articles" WHERE "articles"."id" = ? LIMIT ?[0m  [["id", 2], ["LIMIT", 1]]
  Rendering articles/edit.html.erb within layouts/application
  Rendered articles/edit.html.erb within layouts/application (7.0ms)
Completed 200 OK in 217ms (Views: 174.5ms | ActiveRecord: 1.0ms)


Started PATCH "/articles/2" for 127.0.0.1 at 2018-01-04 20:02:12 -0200
Processing by ArticlesController#update as JS
  Parameters: {"utf8"=>"✓", "authenticity_token"=>"DyXEfXETjCBevcPx4siQUMsINbQiqfRz0LdFgw14TW4SyrZwbsSzyPCshXYFqsCfa26KO418N9WIcqpCS7R2xg==", "article"=>{"title"=>"titulo 2 dois", "text"=>"texto 2\n"}, "commit"=>"Update Article", "id"=>"2"}
  [1m[36mArticle Load (0.5ms)[0m  [1m[34mSELECT  "articles".* FROM "articles" WHERE "articles"."id" = ? LIMIT ?[0m  [["id", 2], ["LIMIT", 1]]
  [1m[35m (0.0ms)[0m  [1m[36mbegin transaction[0m
  [1m[35mSQL (88.1ms)[0m  [1m[33mUPDATE "articles" SET "title" = ?, "text" = ?, "updated_at" = ? WHERE "articles"."id" = ?[0m  [["title", "titulo 2 dois"], ["text", "texto 2\n"], ["updated_at", "2018-01-04 22:02:12.859975"], ["id", 2]]
  [1m[35m (237.6ms)[0m  [1m[36mcommit transaction[0m
Redirected to http://localhost:3000/articles/2
Completed 200 OK in 337ms (ActiveRecord: 326.2ms)


Started GET "/articles/2" for 127.0.0.1 at 2018-01-04 20:02:13 -0200
Processing by ArticlesController#show as HTML
  Parameters: {"id"=>"2"}
  [1m[36mArticle Load (0.5ms)[0m  [1m[34mSELECT  "articles".* FROM "articles" WHERE "articles"."id" = ? LIMIT ?[0m  [["id", 2], ["LIMIT", 1]]
  Rendering articles/show.html.erb within layouts/application
  Rendered articles/show.html.erb within layouts/application (1.0ms)
Completed 200 OK in 159ms (Views: 140.9ms | ActiveRecord: 0.5ms)


Started GET "/articles" for 127.0.0.1 at 2018-01-04 20:02:14 -0200
Processing by ArticlesController#index as HTML
  Rendering articles/index.html.erb within layouts/application
  [1m[36mArticle Load (0.5ms)[0m  [1m[34mSELECT "articles".* FROM "articles"[0m
  Rendered articles/index.html.erb within layouts/application (3.5ms)
Completed 200 OK in 148ms (Views: 127.3ms | ActiveRecord: 0.5ms)


Started GET "/articles" for 127.0.0.1 at 2018-01-04 20:16:02 -0200
Processing by ArticlesController#index as HTML
  Rendering articles/index.html.erb within layouts/application
  [1m[36mArticle Load (0.5ms)[0m  [1m[34mSELECT "articles".* FROM "articles"[0m
  Rendered articles/index.html.erb within layouts/application (168.5ms)
Completed 200 OK in 1055ms (Views: 991.4ms | ActiveRecord: 43.1ms)


Started DELETE "/articles/2" for 127.0.0.1 at 2018-01-04 20:16:08 -0200
Processing by ArticlesController#destroy as HTML
  Parameters: {"authenticity_token"=>"Q7T5WgNgivHr2Qh2WmfYTjM4Kf7mPkWJqopB3Pw4mX8LT6zWubqOGRhPbF0poK23tWaNYrHPip68LxWymqKERw==", "id"=>"2"}
  [1m[36mArticle Load (0.5ms)[0m  [1m[34mSELECT  "articles".* FROM "articles" WHERE "articles"."id" = ? LIMIT ?[0m  [["id", 2], ["LIMIT", 1]]
  [1m[35m (0.0ms)[0m  [1m[36mbegin transaction[0m
  [1m[35mSQL (1.5ms)[0m  [1m[31mDELETE FROM "articles" WHERE "articles"."id" = ?[0m  [["id", 2]]
  [1m[35m (189.3ms)[0m  [1m[36mcommit transaction[0m
Redirected to http://localhost:3000/articles
Completed 302 Found in 202ms (ActiveRecord: 191.3ms)


Started GET "/articles" for 127.0.0.1 at 2018-01-04 20:16:08 -0200
Processing by ArticlesController#index as HTML
  Rendering articles/index.html.erb within layouts/application
  [1m[36mArticle Load (1.0ms)[0m  [1m[34mSELECT "articles".* FROM "articles"[0m
  Rendered articles/index.html.erb within layouts/application (8.5ms)
Completed 200 OK in 199ms (Views: 174.8ms | ActiveRecord: 1.0ms)


Started GET "/articles/new" for 127.0.0.1 at 2018-01-04 20:16:09 -0200
Processing by ArticlesController#new as HTML
  Rendering articles/new.html.erb within layouts/application
  Rendered articles/_form.html.erb (67.7ms)
  Rendered articles/new.html.erb within layouts/application (123.8ms)
Completed 500 Internal Server Error in 267ms (ActiveRecord: 0.0ms)


  
ActionView::Template::Error (undefined method `errors' for nil:NilClass):
    1: <%= form_with model: @article, local: true do |form| %>
    2: 
    3:   <% if @article.errors.any? %>
    4:     <div id="error_explanation">
    5:       <h2>
    6:         <%= pluralize(@article.errors.count, "error") %> prohibited
  
app/views/articles/_form.html.erb:3:in `block in _app_views_articles__form_html_erb__904711707_103102752'
app/views/articles/_form.html.erb:1:in `_app_views_articles__form_html_erb__904711707_103102752'
app/views/articles/new.html.erb:3:in `_app_views_articles_new_html_erb__269733325_103114272'
Started GET "/articles" for 127.0.0.1 at 2018-01-04 20:18:41 -0200
  [1m[35m (0.5ms)[0m  [1m[34mSELECT "schema_migrations"."version" FROM "schema_migrations" ORDER BY "schema_migrations"."version" ASC[0m
Processing by ArticlesController#index as HTML
  Rendering articles/index.html.erb within layouts/application
  [1m[36mArticle Load (0.5ms)[0m  [1m[34mSELECT "articles".* FROM "articles"[0m
  Rendered articles/index.html.erb within layouts/application (54.6ms)
Completed 200 OK in 1488ms (Views: 1446.4ms | ActiveRecord: 5.0ms)


Started GET "/articles" for 127.0.0.1 at 2018-01-04 20:19:00 -0200
Processing by ArticlesController#index as HTML
  Rendering articles/index.html.erb within layouts/application
  [1m[36mArticle Load (0.5ms)[0m  [1m[34mSELECT "articles".* FROM "articles"[0m
  Rendered articles/index.html.erb within layouts/application (6.0ms)
Completed 200 OK in 181ms (Views: 156.7ms | ActiveRecord: 1.5ms)


Started GET "/articles/new" for 127.0.0.1 at 2018-01-04 20:19:04 -0200
Processing by ArticlesController#new as HTML
  Rendering articles/new.html.erb within layouts/application
  Rendered articles/_form.html.erb (30.1ms)
  Rendered articles/new.html.erb within layouts/application (53.6ms)
Completed 500 Internal Server Error in 214ms (ActiveRecord: 0.0ms)


  
ActionView::Template::Error (undefined method `errors' for nil:NilClass):
    1: <%= form_with model: @article, local: true do |form| %>
    2: 
    3:   <% if @article.errors.any? %>
    4:     <div id="error_explanation">
    5:       <h2>
    6:         <%= pluralize(@article.errors.count, "error") %> prohibited
  
app/views/articles/_form.html.erb:3:in `block in _app_views_articles__form_html_erb___794006561_102200868'
app/views/articles/_form.html.erb:1:in `_app_views_articles__form_html_erb___794006561_102200868'
app/views/articles/new.html.erb:3:in `_app_views_articles_new_html_erb__904668020_102304488'
Started GET "/articles" for 127.0.0.1 at 2018-01-04 20:22:05 -0200
  [1m[35m (0.5ms)[0m  [1m[34mSELECT "schema_migrations"."version" FROM "schema_migrations" ORDER BY "schema_migrations"."version" ASC[0m
Processing by ArticlesController#index as HTML
  Rendering articles/index.html.erb within layouts/application
  [1m[36mArticle Load (0.0ms)[0m  [1m[34mSELECT "articles".* FROM "articles"[0m
  Rendered articles/index.html.erb within layouts/application (18.5ms)
Completed 200 OK in 436ms (Views: 403.6ms | ActiveRecord: 1.5ms)


Started GET "/articles" for 127.0.0.1 at 2018-01-04 20:22:21 -0200
Processing by ArticlesController#index as HTML
  Rendering articles/index.html.erb within layouts/application
  [1m[36mArticle Load (0.5ms)[0m  [1m[34mSELECT "articles".* FROM "articles"[0m
  Rendered articles/index.html.erb within layouts/application (5.5ms)
Completed 200 OK in 159ms (Views: 134.5ms | ActiveRecord: 1.0ms)


Started GET "/articles/new" for 127.0.0.1 at 2018-01-04 20:22:24 -0200
Processing by ArticlesController#new as HTML
  Rendering articles/new.html.erb within layouts/application
  Rendered articles/_form.html.erb (232.5ms)
  Rendered articles/new.html.erb within layouts/application (252.5ms)
Completed 200 OK in 426ms (Views: 393.9ms | ActiveRecord: 0.0ms)


Started GET "/articles" for 127.0.0.1 at 2018-01-04 20:22:36 -0200
Processing by ArticlesController#index as HTML
  Rendering articles/index.html.erb within layouts/application
  [1m[36mArticle Load (0.5ms)[0m  [1m[34mSELECT "articles".* FROM "articles"[0m
  Rendered articles/index.html.erb within layouts/application (4.0ms)
Completed 200 OK in 184ms (Views: 160.1ms | ActiveRecord: 0.5ms)


Started GET "/articles/new" for 127.0.0.1 at 2018-01-04 20:22:43 -0200
Processing by ArticlesController#new as HTML
  Rendering articles/new.html.erb within layouts/application
  Rendered articles/_form.html.erb (6.0ms)
  Rendered articles/new.html.erb within layouts/application (33.6ms)
Completed 200 OK in 230ms (Views: 208.1ms | ActiveRecord: 0.0ms)


Started POST "/articles" for 127.0.0.1 at 2018-01-04 20:22:50 -0200
Processing by ArticlesController#create as HTML
  Parameters: {"utf8"=>"✓", "authenticity_token"=>"+yZYmamguxjaza7IoPRsATE72SO2gIYfoad0Dt09ofwCpNtwgBjX/nqq1SCMJg90Uc8tMtWjn8WrYmnnf1c0ww==", "article"=>{"title"=>"teste3", "text"=>"texto3"}, "commit"=>"Create Article"}
  [1m[35m (0.0ms)[0m  [1m[36mbegin transaction[0m
  [1m[35mSQL (29.7ms)[0m  [1m[32mINSERT INTO "articles" ("title", "text", "created_at", "updated_at") VALUES (?, ?, ?, ?)[0m  [["title", "teste3"], ["text", "texto3"], ["created_at", "2018-01-04 22:22:50.195699"], ["updated_at", "2018-01-04 22:22:50.195699"]]
  [1m[35m (181.6ms)[0m  [1m[36mcommit transaction[0m
Redirected to http://localhost:3000/articles/3
Completed 302 Found in 219ms (ActiveRecord: 211.3ms)


Started GET "/articles/3" for 127.0.0.1 at 2018-01-04 20:22:50 -0200
Processing by ArticlesController#show as HTML
  Parameters: {"id"=>"3"}
  [1m[36mArticle Load (0.5ms)[0m  [1m[34mSELECT  "articles".* FROM "articles" WHERE "articles"."id" = ? LIMIT ?[0m  [["id", 3], ["LIMIT", 1]]
  Rendering articles/show.html.erb within layouts/application
  Rendered articles/show.html.erb within layouts/application (2.5ms)
Completed 200 OK in 206ms (Views: 136.9ms | ActiveRecord: 0.5ms)


Started GET "/articles" for 127.0.0.1 at 2018-01-04 20:22:53 -0200
Processing by ArticlesController#index as HTML
  Rendering articles/index.html.erb within layouts/application
  [1m[36mArticle Load (0.5ms)[0m  [1m[34mSELECT "articles".* FROM "articles"[0m
  Rendered articles/index.html.erb within layouts/application (13.5ms)
Completed 200 OK in 158ms (Views: 136.3ms | ActiveRecord: 0.5ms)


  [1m[35m (0.0ms)[0m  [1m[34mSELECT "schema_migrations"."version" FROM "schema_migrations" ORDER BY "schema_migrations"."version" ASC[0m
Migrating to CreateComments (20180104222340)
  [1m[35m (0.5ms)[0m  [1m[36mbegin transaction[0m
  [1m[35m (0.0ms)[0m  [1m[34mSELECT sqlite_version(*)[0m
  [1m[35m (21.4ms)[0m  [1m[35mCREATE TABLE "comments" ("id" INTEGER PRIMARY KEY AUTOINCREMENT NOT NULL, "commenter" varchar, "body" text, "article_id" integer, "created_at" datetime NOT NULL, "updated_at" datetime NOT NULL, CONSTRAINT "fk_rails_3bf61a60d3"
FOREIGN KEY ("article_id")
  REFERENCES "articles" ("id")
)[0m
  [1m[35m (0.5ms)[0m  [1m[35mCREATE  INDEX "index_comments_on_article_id" ON "comments" ("article_id")[0m
  [1m[35mSQL (0.0ms)[0m  [1m[32mINSERT INTO "schema_migrations" ("version") VALUES (?)[0m  [["version", "20180104222340"]]
  [1m[35m (254.7ms)[0m  [1m[36mcommit transaction[0m
  [1m[36mActiveRecord::InternalMetadata Load (0.5ms)[0m  [1m[34mSELECT  "ar_internal_metadata".* FROM "ar_internal_metadata" WHERE "ar_internal_metadata"."key" = ? LIMIT ?[0m  [["key", "environment"], ["LIMIT", 1]]
  [1m[35m (0.0ms)[0m  [1m[36mbegin transaction[0m
  [1m[35m (0.0ms)[0m  [1m[36mcommit transaction[0m
  [1m[35m (0.0ms)[0m  [1m[34mSELECT "schema_migrations"."version" FROM "schema_migrations" ORDER BY "schema_migrations"."version" ASC[0m
  [1m[35m (0.0ms)[0m  [1m[34m            SELECT sql
            FROM sqlite_master
            WHERE name='index_comments_on_article_id' AND type='index'
            UNION ALL
            SELECT sql
            FROM sqlite_temp_master
            WHERE name='index_comments_on_article_id' AND type='index'
[0m
Started GET "/articles" for 127.0.0.1 at 2018-01-04 20:47:12 -0200
  [1m[35m (0.0ms)[0m  [1m[34mSELECT "schema_migrations"."version" FROM "schema_migrations" ORDER BY "schema_migrations"."version" ASC[0m
Processing by ArticlesController#index as HTML
  Rendering articles/index.html.erb within layouts/application
  [1m[36mArticle Load (0.5ms)[0m  [1m[34mSELECT "articles".* FROM "articles"[0m
  Rendered articles/index.html.erb within layouts/application (19.0ms)
Completed 200 OK in 4020ms (Views: 3946.5ms | ActiveRecord: 2.0ms)


Started GET "/articles/1" for 127.0.0.1 at 2018-01-04 20:47:48 -0200
Processing by ArticlesController#show as HTML
  Parameters: {"id"=>"1"}
  [1m[36mArticle Load (0.5ms)[0m  [1m[34mSELECT  "articles".* FROM "articles" WHERE "articles"."id" = ? LIMIT ?[0m  [["id", 1], ["LIMIT", 1]]
  Rendering articles/show.html.erb within layouts/application
  [1m[36mComment Load (0.5ms)[0m  [1m[34mSELECT "comments".* FROM "comments" WHERE "comments"."article_id" = ?[0m  [["article_id", 1]]
  Rendered articles/show.html.erb within layouts/application (243.5ms)
Completed 500 Internal Server Error in 338ms (ActiveRecord: 1.5ms)


  
ActionView::Template::Error (undefined method `comment' for #<Article:0xc0a0500>
Did you mean?  comments
               comments=):
    21:   <% end %>
    22: 
    23:   <h2>Add a comment: </h2>
    24:   <%= form_with(model: [ @article, @article.comment.build ], local: true) do |form| %>
    25:   <p>
    26:     <%= form.label :commenter %><br>
    27:     <%= form.text_field :commenter %>
  
app/views/articles/show.html.erb:24:in `_app_views_articles_show_html_erb___849259166_100965600'
Started GET "/articles/1" for 127.0.0.1 at 2018-01-04 20:48:22 -0200
Processing by ArticlesController#show as HTML
  Parameters: {"id"=>"1"}
  [1m[36mArticle Load (0.5ms)[0m  [1m[34mSELECT  "articles".* FROM "articles" WHERE "articles"."id" = ? LIMIT ?[0m  [["id", 1], ["LIMIT", 1]]
  Rendering articles/show.html.erb within layouts/application
  [1m[36mComment Load (0.5ms)[0m  [1m[34mSELECT "comments".* FROM "comments" WHERE "comments"."article_id" = ?[0m  [["article_id", 1]]
  Rendered articles/show.html.erb within layouts/application (147.8ms)
Completed 200 OK in 308ms (Views: 279.2ms | ActiveRecord: 3.5ms)


Started POST "/articles/1/comments" for 127.0.0.1 at 2018-01-04 20:48:31 -0200
Processing by CommentsController#create as HTML
  Parameters: {"utf8"=>"✓", "authenticity_token"=>"507EZCHTj0+YzD5xIFcZsqt7x/rTgpIT5QAu0Hw00OGvtZHomwmLp2taWlpTkGxLLSVjZoRzXQTzpXq+Gq7N2Q==", "comment"=>{"commenter"=>"yo", "body"=>"legal"}, "commit"=>"Create Comment", "article_id"=>"1"}
  [1m[36mArticle Load (0.5ms)[0m  [1m[34mSELECT  "articles".* FROM "articles" WHERE "articles"."id" = ? LIMIT ?[0m  [["id", 1], ["LIMIT", 1]]
  [1m[35m (0.0ms)[0m  [1m[36mbegin transaction[0m
  [1m[35mSQL (32.1ms)[0m  [1m[32mINSERT INTO "comments" ("commenter", "body", "article_id", "created_at", "updated_at") VALUES (?, ?, ?, ?, ?)[0m  [["commenter", "yo"], ["body", "legal"], ["article_id", 1], ["created_at", "2018-01-04 22:48:31.450259"], ["updated_at", "2018-01-04 22:48:31.450259"]]
  [1m[35m (176.0ms)[0m  [1m[36mcommit transaction[0m
Redirected to http://localhost:3000/articles/1
Completed 302 Found in 221ms (ActiveRecord: 208.6ms)


Started GET "/articles/1" for 127.0.0.1 at 2018-01-04 20:48:31 -0200
Processing by ArticlesController#show as HTML
  Parameters: {"id"=>"1"}
  [1m[36mArticle Load (0.5ms)[0m  [1m[34mSELECT  "articles".* FROM "articles" WHERE "articles"."id" = ? LIMIT ?[0m  [["id", 1], ["LIMIT", 1]]
  Rendering articles/show.html.erb within layouts/application
  [1m[36mComment Load (0.5ms)[0m  [1m[34mSELECT "comments".* FROM "comments" WHERE "comments"."article_id" = ?[0m  [["article_id", 1]]
  Rendered articles/show.html.erb within layouts/application (324.9ms)
Completed 500 Internal Server Error in 409ms (ActiveRecord: 1.0ms)


  
ActionView::Template::Error (undefined local variable or method `commment' for #<#<Class:0x7545180>:0xc325800>
Did you mean?  comment):
    16: 
    17:   <p>
    18:     <strong>Comment:</strong>
    19:     <%= commment.body %>
    20:   </p>
    21:   <% end %>
    22: 
  
app/views/articles/show.html.erb:19:in `block in _app_views_articles_show_html_erb___849259166_102313740'
app/views/articles/show.html.erb:11:in `_app_views_articles_show_html_erb___849259166_102313740'
Started GET "/articles/1" for 127.0.0.1 at 2018-01-04 20:48:51 -0200
Processing by ArticlesController#show as HTML
  Parameters: {"id"=>"1"}
  [1m[36mArticle Load (0.5ms)[0m  [1m[34mSELECT  "articles".* FROM "articles" WHERE "articles"."id" = ? LIMIT ?[0m  [["id", 1], ["LIMIT", 1]]
  Rendering articles/show.html.erb within layouts/application
  [1m[36mComment Load (0.0ms)[0m  [1m[34mSELECT "comments".* FROM "comments" WHERE "comments"."article_id" = ?[0m  [["article_id", 1]]
  Rendered articles/show.html.erb within layouts/application (9.5ms)
Completed 200 OK in 200ms (Views: 138.8ms | ActiveRecord: 0.5ms)


Started GET "/articles/1" for 127.0.0.1 at 2018-01-04 20:49:53 -0200
Processing by ArticlesController#show as HTML
  Parameters: {"id"=>"1"}
  [1m[36mArticle Load (0.5ms)[0m  [1m[34mSELECT  "articles".* FROM "articles" WHERE "articles"."id" = ? LIMIT ?[0m  [["id", 1], ["LIMIT", 1]]
  Rendering articles/show.html.erb within layouts/application
  [1m[36mComment Load (0.0ms)[0m  [1m[34mSELECT "comments".* FROM "comments" WHERE "comments"."article_id" = ?[0m  [["article_id", 1]]
  Rendered articles/show.html.erb within layouts/application (36.6ms)
Completed 500 Internal Server Error in 98ms (ActiveRecord: 0.5ms)


  
ActionView::Template::Error (Missing partial comments/_comment with {:locale=>[:en], :formats=>[:html], :variants=>[], :handlers=>[:raw, :erb, :html, :builder, :ruby, :coffee, :jbuilder]}. Searched in:
  * "C:/Sites/blog/app/views"
):
     8:   </p>
     9: 
    10:  <h2>Comments</h2>
    11:  <%= render @article.comments %>
    12: 
    13:   <h2>Add a comment: </h2>
    14:   <%= form_with(model: [ @article, @article.comments.build ], local: true) do |form| %>
  
app/views/articles/show.html.erb:11:in `_app_views_articles_show_html_erb___849259166_119266404'
Started GET "/articles/1" for 127.0.0.1 at 2018-01-04 20:50:08 -0200
  [1m[35m (0.5ms)[0m  [1m[34mSELECT "schema_migrations"."version" FROM "schema_migrations" ORDER BY "schema_migrations"."version" ASC[0m
Processing by ArticlesController#show as HTML
  Parameters: {"id"=>"1"}
  [1m[36mArticle Load (0.5ms)[0m  [1m[34mSELECT  "articles".* FROM "articles" WHERE "articles"."id" = ? LIMIT ?[0m  [["id", 1], ["LIMIT", 1]]
  Rendering articles/show.html.erb within layouts/application
  [1m[36mComment Load (0.5ms)[0m  [1m[34mSELECT "comments".* FROM "comments" WHERE "comments"."article_id" = ?[0m  [["article_id", 1]]
  Rendered articles/show.html.erb within layouts/application (87.6ms)
Completed 500 Internal Server Error in 191ms (ActiveRecord: 3.5ms)


  
ActionView::Template::Error (Missing partial comments/_comment with {:locale=>[:en], :formats=>[:html], :variants=>[], :handlers=>[:raw, :erb, :html, :builder, :ruby, :coffee, :jbuilder]}. Searched in:
  * "C:/Sites/blog/app/views"
):
     8:   </p>
     9: 
    10:  <h2>Comments</h2>
    11:  <%= render @article.comments %>
    12: 
    13:   <h2>Add a comment: </h2>
    14:   <%= form_with(model: [ @article, @article.comments.build ], local: true) do |form| %>
  
app/views/articles/show.html.erb:11:in `_app_views_articles_show_html_erb___920940209_60252012'
Started GET "/articles/1" for 127.0.0.1 at 2018-01-04 20:50:19 -0200
Processing by ArticlesController#show as HTML
  Parameters: {"id"=>"1"}
  [1m[36mArticle Load (0.5ms)[0m  [1m[34mSELECT  "articles".* FROM "articles" WHERE "articles"."id" = ? LIMIT ?[0m  [["id", 1], ["LIMIT", 1]]
  Rendering articles/show.html.erb within layouts/application
  [1m[36mComment Load (0.5ms)[0m  [1m[34mSELECT "comments".* FROM "comments" WHERE "comments"."article_id" = ?[0m  [["article_id", 1]]
  Rendered articles/show.html.erb within layouts/application (40.1ms)
Completed 500 Internal Server Error in 113ms (ActiveRecord: 1.5ms)


  
ActionView::Template::Error (Missing partial comments/_comment with {:locale=>[:en], :formats=>[:html], :variants=>[], :handlers=>[:raw, :erb, :html, :builder, :ruby, :coffee, :jbuilder]}. Searched in:
  * "C:/Sites/blog/app/views"
):
     8:   </p>
     9: 
    10:  <h2>Comments</h2>
    11:  <%= render @article.comments %>
    12: 
    13:   <h2>Add a comment: </h2>
    14:   <%= form_with(model: [ @article, @article.comments.build ], local: true) do |form| %>
  
app/views/articles/show.html.erb:11:in `_app_views_articles_show_html_erb___920940209_47097060'
Started GET "/articles/1" for 127.0.0.1 at 2018-01-04 20:52:52 -0200
  [1m[35m (0.0ms)[0m  [1m[34mSELECT "schema_migrations"."version" FROM "schema_migrations" ORDER BY "schema_migrations"."version" ASC[0m
Processing by ArticlesController#show as HTML
  Parameters: {"id"=>"1"}
  [1m[36mArticle Load (0.0ms)[0m  [1m[34mSELECT  "articles".* FROM "articles" WHERE "articles"."id" = ? LIMIT ?[0m  [["id", 1], ["LIMIT", 1]]
  Rendering articles/show.html.erb within layouts/application
  [1m[36mComment Load (0.0ms)[0m  [1m[34mSELECT "comments".* FROM "comments" WHERE "comments"."article_id" = ?[0m  [["article_id", 1]]
  Rendered collection of comments/_comment.html.erb [1 times] (0.5ms)
  Rendered articles/show.html.erb within layouts/application (96.3ms)
Completed 200 OK in 535ms (Views: 480.3ms | ActiveRecord: 2.5ms)


Started GET "/articles/1" for 127.0.0.1 at 2018-01-04 20:55:15 -0200
Processing by ArticlesController#show as HTML
  Parameters: {"id"=>"1"}
  [1m[36mArticle Load (0.5ms)[0m  [1m[34mSELECT  "articles".* FROM "articles" WHERE "articles"."id" = ? LIMIT ?[0m  [["id", 1], ["LIMIT", 1]]
  Rendering articles/show.html.erb within layouts/application
  [1m[36mComment Load (0.5ms)[0m  [1m[34mSELECT "comments".* FROM "comments" WHERE "comments"."article_id" = ?[0m  [["article_id", 1]]
  Rendered collection of comments/_comment.html.erb [1 times] (0.5ms)
  Rendered comments/_form.html.erb (6.5ms)
  Rendered articles/show.html.erb within layouts/application (90.7ms)
Completed 200 OK in 355ms (Views: 321.2ms | ActiveRecord: 2.0ms)


Started GET "/articles" for 127.0.0.1 at 2018-01-04 20:58:40 -0200
Processing by ArticlesController#index as HTML
  Rendering articles/index.html.erb within layouts/application
  [1m[36mArticle Load (0.5ms)[0m  [1m[34mSELECT "articles".* FROM "articles"[0m
  Rendered articles/index.html.erb within layouts/application (18.6ms)
Completed 200 OK in 191ms (Views: 161.0ms | ActiveRecord: 3.0ms)


Started DELETE "/articles/3" for 127.0.0.1 at 2018-01-04 20:58:43 -0200
Processing by ArticlesController#destroy as HTML
  Parameters: {"authenticity_token"=>"Wf97KP81FFB0cqIvWIZGmau5qs5vlMWMAyFpyNqoO/ARBC6kRe8QuIfkxgQrQTNgLecOUjhlCpsVhD2mvDImyA==", "id"=>"3"}
Filter chain halted as #<Proc:0x6fa1a30@C:/RailsInstaller/Ruby2.3.3/lib/ruby/gems/2.3.0/gems/actionpack-5.1.4/lib/action_controller/metal/http_authentication.rb:70> rendered or redirected
Completed 401 Unauthorized in 4ms (ActiveRecord: 0.0ms)


Started DELETE "/articles/3" for 127.0.0.1 at 2018-01-04 20:58:47 -0200
Processing by ArticlesController#destroy as HTML
  Parameters: {"authenticity_token"=>"Wf97KP81FFB0cqIvWIZGmau5qs5vlMWMAyFpyNqoO/ARBC6kRe8QuIfkxgQrQTNgLecOUjhlCpsVhD2mvDImyA==", "id"=>"3"}
  [1m[36mArticle Load (0.5ms)[0m  [1m[34mSELECT  "articles".* FROM "articles" WHERE "articles"."id" = ? LIMIT ?[0m  [["id", 3], ["LIMIT", 1]]
  [1m[35m (0.0ms)[0m  [1m[36mbegin transaction[0m
  [1m[36mComment Load (0.0ms)[0m  [1m[34mSELECT "comments".* FROM "comments" WHERE "comments"."article_id" = ?[0m  [["article_id", 3]]
  [1m[35mSQL (2.0ms)[0m  [1m[31mDELETE FROM "articles" WHERE "articles"."id" = ?[0m  [["id", 3]]
  [1m[35m (187.9ms)[0m  [1m[36mcommit transaction[0m
Redirected to http://localhost:3000/articles
Completed 302 Found in 209ms (ActiveRecord: 191.4ms)


Started GET "/articles" for 127.0.0.1 at 2018-01-04 20:58:47 -0200
Processing by ArticlesController#index as HTML
  Rendering articles/index.html.erb within layouts/application
  [1m[36mArticle Load (1.0ms)[0m  [1m[34mSELECT "articles".* FROM "articles"[0m
  Rendered articles/index.html.erb within layouts/application (7.0ms)
Completed 200 OK in 263ms (Views: 228.9ms | ActiveRecord: 1.0ms)


Started GET "/articles/1" for 127.0.0.1 at 2018-01-04 20:58:53 -0200
Processing by ArticlesController#show as HTML
  Parameters: {"id"=>"1"}
  [1m[36mArticle Load (0.5ms)[0m  [1m[34mSELECT  "articles".* FROM "articles" WHERE "articles"."id" = ? LIMIT ?[0m  [["id", 1], ["LIMIT", 1]]
  Rendering articles/show.html.erb within layouts/application
  [1m[36mComment Load (0.5ms)[0m  [1m[34mSELECT "comments".* FROM "comments" WHERE "comments"."article_id" = ?[0m  [["article_id", 1]]
  Rendered collection of comments/_comment.html.erb [1 times] (3.0ms)
  Rendered comments/_form.html.erb (5.0ms)
  Rendered articles/show.html.erb within layouts/application (71.7ms)
Completed 200 OK in 230ms (Views: 202.5ms | ActiveRecord: 1.5ms)


Started DELETE "/articles/1/comments/1" for 127.0.0.1 at 2018-01-04 20:58:58 -0200
Processing by CommentsController#destroy as HTML
  Parameters: {"authenticity_token"=>"cNLD7QrGrRLtDk+EaT1sC3DhfOVAFjTw3yZ5P6GWCIk4KZZhsByp+h6YK68a+hny9r/YeRfn++fJgy1RxwwVsQ==", "article_id"=>"1", "id"=>"1"}
  [1m[36mArticle Load (0.5ms)[0m  [1m[34mSELECT  "articles".* FROM "articles" WHERE "articles"."id" = ? LIMIT ?[0m  [["id", 1], ["LIMIT", 1]]
  [1m[36mComment Load (0.5ms)[0m  [1m[34mSELECT  "comments".* FROM "comments" WHERE "comments"."article_id" = ? AND "comments"."id" = ? LIMIT ?[0m  [["article_id", 1], ["id", 1], ["LIMIT", 1]]
  [1m[35m (0.0ms)[0m  [1m[36mbegin transaction[0m
  [1m[35mSQL (2.0ms)[0m  [1m[31mDELETE FROM "comments" WHERE "comments"."id" = ?[0m  [["id", 1]]
  [1m[35m (149.0ms)[0m  [1m[36mcommit transaction[0m
Redirected to http://localhost:3000/articles/1
Completed 302 Found in 166ms (ActiveRecord: 152.0ms)


Started GET "/articles/1" for 127.0.0.1 at 2018-01-04 20:58:58 -0200
Processing by ArticlesController#show as HTML
  Parameters: {"id"=>"1"}
  [1m[36mArticle Load (0.5ms)[0m  [1m[34mSELECT  "articles".* FROM "articles" WHERE "articles"."id" = ? LIMIT ?[0m  [["id", 1], ["LIMIT", 1]]
  Rendering articles/show.html.erb within layouts/application
  [1m[36mComment Load (0.0ms)[0m  [1m[34mSELECT "comments".* FROM "comments" WHERE "comments"."article_id" = ?[0m  [["article_id", 1]]
  Rendered collection of templates [0 times] (0.0ms)
  Rendered comments/_form.html.erb (3.0ms)
  Rendered articles/show.html.erb within layouts/application (24.1ms)
Completed 200 OK in 168ms (Views: 144.0ms | ActiveRecord: 0.5ms)


